Arguments: 
  C:\Program Files\nodejs\node.exe C:\Program Files (x86)\Yarn\bin\yarn.js add axios

PATH: 
  C:\Program Files\Common Files\Oracle\Java\javapath;C:\Program Files\CollabNet\Subversion Client;C:\Python39\Scripts\;C:\Python39\;C:\Program Files (x86)\Common Files\Oracle\Java\javapath;C:\Windows\system32;C:\Windows;C:\Windows\System32\Wbem;C:\Windows\System32\WindowsPowerShell\v1.0\;C:\Windows\System32\OpenSSH\;C:\Program Files\TortoiseSVN\bin;C:\ProgramData\chocolatey\bin;C:\Users\guilherme\AppData\Local\Android\Sdk\platform-tools;C:\Users\99039361\AppData\Roaming\nvm;C:\Program Files\nodejs;C:\Program Files\OpenJDK\openjdk-8u282-b08\bin;C:\Program Files\CollabNet\Subversion Client;C:\projetos\tools\apache-maven-3.6.1\bin;C:\Program Files\Go\bin;C:\Program Files\Docker\Docker\resources\bin;C:\ProgramData\DockerDesktop\version-bin;C:\Program Files (x86)\Yarn\bin\;C:\Program Files\Git\cmd;C:\Program Files\nodejs\;C:\Users\guilherme\AppData\Local\Microsoft\WindowsApps;C:\Users\guilherme\AppData\Local\Yarn\bin;C:\Users\guilherme\AppData\Local\Programs\Microsoft VS Code\bin;C:\Users\guilherme\AppData\Roaming\npm;C:\Users\guilherme\AppData\Local\GitHubDesktop\bin;C:\Program Files\heroku\bin

Yarn version: 
  1.22.5

Node version: 
  14.17.5

Platform: 
  win32 x64

Trace: 
  Error: EBUSY: resource busy or locked, rmdir 'C:\Users\guilherme\Desktop\gui\gennai\gennai-node\node_modules\pokedex-promise-v2\dist\src'

npm manifest: 
  {
    "name": "gennai-package",
    "author": "Guilherme Cândido",
    "version": "0.0.7",
    "main": "lib/index.js",
    "types": "lib/index.d.ts",
    "license": "MIT",
    "scripts": {
      "tsc": "tsc"
    },
    "files": [
      "lib/**/*"
    ],
    "keywords": [
      "digimon",
      "graphql",
      "api",
      "gennai"
    ],
    "repository": {
      "type": "git",
      "url": "https://github.com/GuiPretto/gennai-node"
    },
    "devDependencies": {
      "typescript": "^4.5.4"
    }
  }

yarn manifest: 
  No manifest

Lockfile: 
  # THIS IS AN AUTOGENERATED FILE. DO NOT EDIT THIS FILE DIRECTLY.
  # yarn lockfile v1
  
  
  aggregate-error@^4.0.0:
    version "4.0.0"
    resolved "https://registry.yarnpkg.com/aggregate-error/-/aggregate-error-4.0.0.tgz#83dbdb53a0d500721281d22e19eee9bc352a89cd"
    integrity sha512-8DGp7zUt1E9k0NE2q4jlXHk+V3ORErmwolEdRz9iV+LKJ40WhMHh92cxAvhqV2I+zEn/gotIoqoMs0NjF3xofg==
    dependencies:
      clean-stack "^4.0.0"
      indent-string "^5.0.0"
  
  axios@^0.24.0:
    version "0.24.0"
    resolved "https://registry.yarnpkg.com/axios/-/axios-0.24.0.tgz#804e6fa1e4b9c5288501dd9dff56a7a0940d20d6"
    integrity sha512-Q6cWsys88HoPgAaFAVUb0WpPk0O8iTeisR9IMqy9G8AbO4NlpVknrnQS03zzF9PGAWgO3cgletO3VjV/P7VztA==
    dependencies:
      follow-redirects "^1.14.4"
  
  clean-stack@^4.0.0:
    version "4.1.0"
    resolved "https://registry.yarnpkg.com/clean-stack/-/clean-stack-4.1.0.tgz#5ce5a2fd19a12aecdce8570daefddb7ac94b6b4e"
    integrity sha512-dxXQYI7mfQVcaF12s6sjNFoZ6ZPDQuBBLp3QJ5156k9EvUFClUoZ11fo8HnLQO241DDVntHEug8MOuFO5PSfRg==
    dependencies:
      escape-string-regexp "5.0.0"
  
  clone@2.x:
    version "2.1.2"
    resolved "https://registry.yarnpkg.com/clone/-/clone-2.1.2.tgz#1b7f4b9f591f1e8f83670401600345a02887435f"
    integrity sha1-G39Ln1kfHo+DZwQBYANFoCiHQ18=
  
  escape-string-regexp@5.0.0:
    version "5.0.0"
    resolved "https://registry.yarnpkg.com/escape-string-regexp/-/escape-string-regexp-5.0.0.tgz#4683126b500b61762f2dbebace1806e8be31b1c8"
    integrity sha512-/veY75JbMK4j1yjvuUxuVsiS/hr/4iHs9FTT6cgTexxdE0Ly/glccBAkloH/DofkjRbZU3bnoj38mOmhkZ0lHw==
  
  follow-redirects@^1.14.4:
    version "1.14.6"
    resolved "https://registry.yarnpkg.com/follow-redirects/-/follow-redirects-1.14.6.tgz#8cfb281bbc035b3c067d6cd975b0f6ade6e855cd"
    integrity sha512-fhUl5EwSJbbl8AR+uYL2KQDxLkdSjZGR36xy46AO7cOMTrCMON6Sa28FmAnC2tRTDbd/Uuzz3aJBv7EBN7JH8A==
  
  indent-string@^5.0.0:
    version "5.0.0"
    resolved "https://registry.yarnpkg.com/indent-string/-/indent-string-5.0.0.tgz#4fd2980fccaf8622d14c64d694f4cf33c81951a5"
    integrity sha512-m6FAo/spmsW2Ab2fU35JTYwtOKa2yAwXSwgjSv1TJzh4Mh7mC3lzAOVLBprb72XsTrgkEIsl7YrFNAiDiRhIGg==
  
  node-cache@^5.1.2:
    version "5.1.2"
    resolved "https://registry.yarnpkg.com/node-cache/-/node-cache-5.1.2.tgz#f264dc2ccad0a780e76253a694e9fd0ed19c398d"
    integrity sha512-t1QzWwnk4sjLWaQAS8CHgOJ+RAfmHpxFWmc36IWTiWHQfs0w5JDMBS1b1ZxQteo0vVVuWJvIUKHDkkeK7vIGCg==
    dependencies:
      clone "2.x"
  
  p-map@^5.3.0:
    version "5.3.0"
    resolved "https://registry.yarnpkg.com/p-map/-/p-map-5.3.0.tgz#2204823bc9f37f17ddc9e7f446293c4530b8a4cf"
    integrity sha512-SRbIQFoLYNezHkqZslqeg963HYUtqOrfMCxjNrFOpJ19WTYuq26rQoOXeX8QQiMLUlLqdYV/7PuDsdYJ7hLE1w==
    dependencies:
      aggregate-error "^4.0.0"
  
  pokedex-promise-v2@^4.0.0:
    version "4.0.0"
    resolved "https://registry.yarnpkg.com/pokedex-promise-v2/-/pokedex-promise-v2-4.0.0.tgz#f3b97cba39b075f98ba4f1e96bb47811cd48cdc0"
    integrity sha512-3Y77ug4so53V07adYHXAcPqPxgnJetmk3bnWKij4BS+aLbVBNOOzLkFQkK707IL9JzkT6i/W7u/k55t75h6vpw==
    dependencies:
      axios "^0.24.0"
      node-cache "^5.1.2"
      p-map "^5.3.0"
  
  typescript@^4.5.4:
    version "4.5.4"
    resolved "https://registry.yarnpkg.com/typescript/-/typescript-4.5.4.tgz#a17d3a0263bf5c8723b9c52f43c5084edf13c2e8"
    integrity sha512-VgYs2A2QIRuGphtzFV7aQJduJ2gyfTljngLzjpfW9FoYZF6xuw1W0vW9ghCKLfcWrCFxK81CSGRAvS1pn4fIUg==
